-outxml
-source
1.6
-target
1.6
-classpath
C:\Users\shantanugandhe\.m2\repository\antlr\antlr\2.7.6\antlr-2.7.6.jar;C:\Users\shantanugandhe\.m2\repository\aopalliance\aopalliance\1.0\aopalliance-1.0.jar;C:\Users\shantanugandhe\.m2\repository\asm\asm\1.5.3\asm-1.5.3.jar;C:\Users\shantanugandhe\.m2\repository\asm\asm-attrs\1.5.3\asm-attrs-1.5.3.jar;C:\Users\shantanugandhe\.m2\repository\avalon-framework\avalon-framework\4.1.3\avalon-framework-4.1.3.jar;C:\Users\shantanugandhe\.m2\repository\c3p0\c3p0\0.9.1.2\c3p0-0.9.1.2.jar;C:\Users\shantanugandhe\.m2\repository\cglib\cglib\2.1_3\cglib-2.1_3.jar;C:\Users\shantanugandhe\.m2\repository\commons-collections\commons-collections\3.2.1\commons-collections-3.2.1.jar;C:\Users\shantanugandhe\.m2\repository\commons-lang\commons-lang\2.4\commons-lang-2.4.jar;C:\Users\shantanugandhe\.m2\repository\commons-logging\commons-logging\1.1\commons-logging-1.1.jar;C:\Users\shantanugandhe\.m2\repository\dom4j\dom4j\1.6.1\dom4j-1.6.1.jar;C:\Users\shantanugandhe\.m2\repository\javassist\javassist\3.11.0.GA\javassist-3.11.0.GA.jar;C:\Users\shantanugandhe\.m2\repository\javax\inject\javax.inject\1\javax.inject-1.jar;C:\Users\shantanugandhe\.m2\repository\javax\servlet\jstl\1.2\jstl-1.2.jar;C:\Users\shantanugandhe\.m2\repository\javax\servlet\servlet-api\2.5\servlet-api-2.5.jar;C:\Users\shantanugandhe\.m2\repository\javax\servlet\jsp\jsp-api\2.1\jsp-api-2.1.jar;C:\Users\shantanugandhe\.m2\repository\javax\transaction\jta\1.0.1B\jta-1.0.1B.jar;C:\Users\shantanugandhe\.m2\repository\junit\junit\4.7\junit-4.7.jar;C:\Users\shantanugandhe\.m2\repository\log4j\log4j\1.2.15\log4j-1.2.15.jar;C:\Users\shantanugandhe\.m2\repository\logkit\logkit\1.0.1\logkit-1.0.1.jar;C:\Users\shantanugandhe\.m2\repository\mysql\mysql-connector-java\5.1.15\mysql-connector-java-5.1.15.jar;C:\Users\shantanugandhe\.m2\repository\net\sf\ehcache\ehcache\1.2.3\ehcache-1.2.3.jar;C:\Users\shantanugandhe\.m2\repository\ognl\ognl\3.0.1\ognl-3.0.1.jar;C:\Users\shantanugandhe\.m2\repository\org\apache\velocity\velocity\1.7\velocity-1.7.jar;C:\Users\shantanugandhe\.m2\repository\org\aspectj\aspectjrt\1.6.9\aspectjrt-1.6.9.jar;C:\Users\shantanugandhe\.m2\repository\org\bouncycastle\bcprov-jdk16\1.46\bcprov-jdk16-1.46.jar;C:\Users\shantanugandhe\.m2\repository\org\hibernate\hibernate\3.2.5.ga\hibernate-3.2.5.ga.jar;C:\Users\shantanugandhe\.m2\repository\org\slf4j\jcl-over-slf4j\1.5.10\jcl-over-slf4j-1.5.10.jar;C:\Users\shantanugandhe\.m2\repository\org\slf4j\slf4j-api\1.5.10\slf4j-api-1.5.10.jar;C:\Users\shantanugandhe\.m2\repository\org\slf4j\slf4j-log4j12\1.5.10\slf4j-log4j12-1.5.10.jar;C:\Users\shantanugandhe\.m2\repository\org\springframework\spring-aop\3.0.5.RELEASE\spring-aop-3.0.5.RELEASE.jar;C:\Users\shantanugandhe\.m2\repository\org\springframework\spring-asm\3.0.5.RELEASE\spring-asm-3.0.5.RELEASE.jar;C:\Users\shantanugandhe\.m2\repository\org\springframework\spring-beans\3.0.5.RELEASE\spring-beans-3.0.5.RELEASE.jar;C:\Users\shantanugandhe\.m2\repository\org\springframework\spring-context\3.0.5.RELEASE\spring-context-3.0.5.RELEASE.jar;C:\Users\shantanugandhe\.m2\repository\org\springframework\spring-context-support\3.0.4.RELEASE\spring-context-support-3.0.4.RELEASE.jar;C:\Users\shantanugandhe\.m2\repository\org\springframework\spring-core\3.0.5.RELEASE\spring-core-3.0.5.RELEASE.jar;C:\Users\shantanugandhe\.m2\repository\org\springframework\spring-dao\2.0.8\spring-dao-2.0.8.jar;C:\Users\shantanugandhe\.m2\repository\org\springframework\spring-expression\3.0.5.RELEASE\spring-expression-3.0.5.RELEASE.jar;C:\Users\shantanugandhe\.m2\repository\org\springframework\spring-hibernate3\2.0.8\spring-hibernate3-2.0.8.jar;C:\Users\shantanugandhe\.m2\repository\org\springframework\spring-jdbc\2.0.8\spring-jdbc-2.0.8.jar;C:\Users\shantanugandhe\.m2\repository\org\springframework\spring-orm\3.0.5.RELEASE\spring-orm-3.0.5.RELEASE.jar;C:\Users\shantanugandhe\.m2\repository\org\springframework\spring-tx\3.0.5.RELEASE\spring-tx-3.0.5.RELEASE.jar;C:\Users\shantanugandhe\.m2\repository\org\springframework\spring-web\3.0.4.RELEASE\spring-web-3.0.4.RELEASE.jar;C:\Users\shantanugandhe\.m2\repository\org\springframework\spring-webmvc\3.0.4.RELEASE\spring-webmvc-3.0.4.RELEASE.jar;C:\Users\shantanugandhe\.m2\repository\org\springframework\roo\org.springframework.roo.annotations\1.0.2.RELEASE\org.springframework.roo.annotations-1.0.2.RELEASE.jar;C:\Users\shantanugandhe\.m2\repository\org\springframework\webflow\spring-binding\2.3.0.RELEASE\spring-binding-2.3.0.RELEASE.jar;C:\Users\shantanugandhe\.m2\repository\org\springframework\webflow\spring-js\2.3.0.RELEASE\spring-js-2.3.0.RELEASE.jar;C:\Users\shantanugandhe\.m2\repository\org\springframework\webflow\spring-js-resources\2.3.0.RELEASE\spring-js-resources-2.3.0.RELEASE.jar;C:\Users\shantanugandhe\.m2\repository\org\springframework\webflow\spring-webflow\2.3.0.RELEASE\spring-webflow-2.3.0.RELEASE.jar;C:\Users\shantanugandhe\Documents\MyWorkSpace\STABLEProjectv4_Latest\target\classes
-d
C:\Users\shantanugandhe\Documents\MyWorkSpace\STABLEProjectv4_Latest\target\classes
C:\Users\shantanugandhe\Documents\MyWorkSpace\STABLEProjectv4_Latest\src\main\java\org\stable\sdk\model\device\vitalsigns\pco2\PCO2Device.java
C:\Users\shantanugandhe\Documents\MyWorkSpace\STABLEProjectv4_Latest\src\main\java\org\stable\sdk\model\measurement\labwork\electrolytes\Na\Na_Method_Type.java
C:\Users\shantanugandhe\Documents\MyWorkSpace\STABLEProjectv4_Latest\src\main\java\org\stable\sdk\model\device\labwork\electrolytes\Na\NaDevice.java
C:\Users\shantanugandhe\Documents\MyWorkSpace\STABLEProjectv4_Latest\src\main\java\org\stable\sdk\model\units\HourlyFluidRate_Unit.java
C:\Users\shantanugandhe\Documents\MyWorkSpace\STABLEProjectv4_Latest\src\main\java\org\stable\sdk\model\device\vitalsigns\o2saturation\O2SaturationDevice.java
C:\Users\shantanugandhe\Documents\MyWorkSpace\STABLEProjectv4_Latest\src\main\java\org\stable\sdk\model\units\NoUnit.java
C:\Users\shantanugandhe\Documents\MyWorkSpace\STABLEProjectv4_Latest\src\main\java\org\stable\sdk\model\units\GestationalAge_Unit.java
C:\Users\shantanugandhe\Documents\MyWorkSpace\STABLEProjectv4_Latest\src\main\java\org\stable\sdk\model\device\vitalsigns\bloodgroup\BloodGroupDevice.java
C:\Users\shantanugandhe\Documents\MyWorkSpace\STABLEProjectv4_Latest\src\main\java\org\stable\sdk\model\measurement\labwork\cbc\plts\PLTS_Measurement.java
C:\Users\shantanugandhe\Documents\MyWorkSpace\STABLEProjectv4_Latest\src\main\java\org\stable\sdk\model\measurement\Measurement.java
C:\Users\shantanugandhe\Documents\MyWorkSpace\STABLEProjectv4_Latest\src\main\java\org\stable\sdk\model\test\LabTest.java
C:\Users\shantanugandhe\Documents\MyWorkSpace\STABLEProjectv4_Latest\src\main\java\org\stable\sdk\model\measurement\sugar\treatment\dextroseconc\DextroseConc_Method_Type.java
C:\Users\shantanugandhe\Documents\MyWorkSpace\STABLEProjectv4_Latest\src\main\java\org\stable\sdk\service\clinic\ClinicService.java
C:\Users\shantanugandhe\Documents\MyWorkSpace\STABLEProjectv4_Latest\src\main\java\org\stable\sdk\model\measurement\labwork\clotting\ptt\PartialThromboplastinTime_Measurement.java
C:\Users\shantanugandhe\Documents\MyWorkSpace\STABLEProjectv4_Latest\src\main\java\org\stable\sdk\model\device\vitalsigns\respiratoryrate\RespiratoryRateDevice.java
C:\Users\shantanugandhe\Documents\MyWorkSpace\STABLEProjectv4_Latest\src\main\java\org\stable\sdk\model\encounter\Assessment.java
C:\Users\shantanugandhe\Documents\MyWorkSpace\STABLEProjectv4_Latest\src\main\java\org\stable\sdk\model\measurement\IMethodType.java
C:\Users\shantanugandhe\Documents\MyWorkSpace\STABLEProjectv4_Latest\src\main\java\org\stable\sdk\model\measurement\sugar\height\Height_Method_Type.java
C:\Users\shantanugandhe\Documents\MyWorkSpace\STABLEProjectv4_Latest\src\main\java\org\stable\sdk\model\units\mcg_Unit.java
C:\Users\shantanugandhe\Documents\MyWorkSpace\STABLEProjectv4_Latest\src\main\java\org\stable\sdk\model\units\InfusionRate_Unit_ml_kg.java
C:\Users\shantanugandhe\Documents\MyWorkSpace\STABLEProjectv4_Latest\src\main\java\org\stable\sdk\model\common\Gender.java
C:\Users\shantanugandhe\Documents\MyWorkSpace\STABLEProjectv4_Latest\src\main\java\org\stable\sdk\service\exceptions\EncryptionException.java
C:\Users\shantanugandhe\Documents\MyWorkSpace\STABLEProjectv4_Latest\src\main\java\org\stable\sdk\model\units\APGAR_Unit.java
C:\Users\shantanugandhe\Documents\MyWorkSpace\STABLEProjectv4_Latest\src\main\java\org\stable\sdk\model\measurement\labwork\cbc\hct\Hct_Measurement.java
C:\Users\shantanugandhe\Documents\MyWorkSpace\STABLEProjectv4_Latest\src\main\java\org\stable\sdk\model\measurement\airway\ettube\ETTube_Method_Type.java
C:\Users\shantanugandhe\Documents\MyWorkSpace\STABLEProjectv4_Latest\src\main\java\org\stable\sdk\model\person\Role.java
C:\Users\shantanugandhe\Documents\MyWorkSpace\STABLEProjectv4_Latest\src\main\java\org\stable\sdk\model\device\sugar\treatment\bolusdose\BolusDoseDevice.java
C:\Users\shantanugandhe\Documents\MyWorkSpace\STABLEProjectv4_Latest\src\main\java\org\stable\sdk\model\measurement\airway\volumebolustype\VolumeBolusType_Method_Type.java
C:\Users\shantanugandhe\Documents\MyWorkSpace\STABLEProjectv4_Latest\src\main\java\org\stable\sdk\service\measurement\IMeasurementService.java
C:\Users\shantanugandhe\Documents\MyWorkSpace\STABLEProjectv4_Latest\src\main\java\org\stable\sdk\model\units\HCO3_Unit.java
C:\Users\shantanugandhe\Documents\MyWorkSpace\STABLEProjectv4_Latest\src\main\java\org\stable\sdk\model\units\cm_Unit.java
C:\Users\shantanugandhe\Documents\MyWorkSpace\STABLEProjectv4_Latest\src\main\java\org\stable\sdk\model\device\vitalsigns\weight\WeightDevice.java
C:\Users\shantanugandhe\Documents\MyWorkSpace\STABLEProjectv4_Latest\src\main\java\org\stable\sdk\model\measurement\labwork\electrolytes\totalcalcium\TotalCalcium_Measurement.java
C:\Users\shantanugandhe\Documents\MyWorkSpace\STABLEProjectv4_Latest\src\main\java\org\stable\sdk\model\test\CBC.java
C:\Users\shantanugandhe\Documents\MyWorkSpace\STABLEProjectv4_Latest\src\main\java\org\stable\sdk\model\measurement\airway\ppv\PPV_Method_Type.java
C:\Users\shantanugandhe\Documents\MyWorkSpace\STABLEProjectv4_Latest\src\main\java\org\stable\sdk\model\device\labwork\electrolytes\ionizedcalcium\IonizedCalciumDevice.java
C:\Users\shantanugandhe\Documents\MyWorkSpace\STABLEProjectv4_Latest\src\main\java\org\stable\sdk\model\measurement\labwork\cbc\neutrophils\Neutrophils_Measurement.java
C:\Users\shantanugandhe\Documents\MyWorkSpace\STABLEProjectv4_Latest\src\main\java\org\stable\sdk\model\common\IStableModel.java
C:\Users\shantanugandhe\Documents\MyWorkSpace\STABLEProjectv4_Latest\src\main\java\org\stable\sdk\model\measurement\sugar\height\Height_Measurement.java
C:\Users\shantanugandhe\Documents\MyWorkSpace\STABLEProjectv4_Latest\src\main\java\org\stable\sdk\model\person\Employee.java
C:\Users\shantanugandhe\Documents\MyWorkSpace\STABLEProjectv4_Latest\src\main\java\org\stable\sdk\model\device\sugar\treatment\vacat\UACDevice.java
C:\Users\shantanugandhe\Documents\MyWorkSpace\STABLEProjectv4_Latest\src\main\java\org\stable\sdk\model\measurement\labwork\cbc\hgb\Hgb_Method_Type.java
C:\Users\shantanugandhe\Documents\MyWorkSpace\STABLEProjectv4_Latest\src\main\java\org\stable\sdk\model\measurement\airway\baseexcess\BaseExcess_Measurement.java
C:\Users\shantanugandhe\Documents\MyWorkSpace\STABLEProjectv4_Latest\src\main\java\org\stable\sdk\model\measurement\labwork\cbc\plts\PLTS_Method_Type.java
C:\Users\shantanugandhe\Documents\MyWorkSpace\STABLEProjectv4_Latest\src\main\java\org\stable\sdk\model\device\sugar\treatment\bolusinfusionrate\BolusInfusionRateDevice.java
C:\Users\shantanugandhe\Documents\MyWorkSpace\STABLEProjectv4_Latest\src\main\java\org\stable\sdk\model\measurement\sugar\treatment\dextrosehourlyinfusionrate\DextroseHourlyInfusionRate_Method_Type.java
C:\Users\shantanugandhe\Documents\MyWorkSpace\STABLEProjectv4_Latest\src\main\java\org\stable\sdk\model\device\vitalsigns\bloodpressure\BloodPressureDevice.java
C:\Users\shantanugandhe\Documents\MyWorkSpace\STABLEProjectv4_Latest\src\main\java\org\stable\sdk\model\measurement\sugar\treatment\bolusconc\BolusConc_Measurement.java
C:\Users\shantanugandhe\Documents\MyWorkSpace\STABLEProjectv4_Latest\src\main\java\org\stable\sdk\model\units\Unit.java
C:\Users\shantanugandhe\Documents\MyWorkSpace\STABLEProjectv4_Latest\src\main\java\org\stable\sdk\model\measurement\labwork\electrolytes\CO2\CO2_Measurement.java
C:\Users\shantanugandhe\Documents\MyWorkSpace\STABLEProjectv4_Latest\src\main\java\com\stable\sdk\service\lab\DoctorService4.java
C:\Users\shantanugandhe\Documents\MyWorkSpace\STABLEProjectv4_Latest\src\main\java\org\stable\sdk\model\measurement\labwork\electrolytes\CO2\CO2_Method_Type.java
C:\Users\shantanugandhe\Documents\MyWorkSpace\STABLEProjectv4_Latest\src\main\java\org\stable\sdk\model\patient\PatientMeasurementType.java
C:\Users\shantanugandhe\Documents\MyWorkSpace\STABLEProjectv4_Latest\src\main\java\org\stable\sdk\model\measurement\vitalsigns\bloodgroup\BloodGroup_Method_Type.java
C:\Users\shantanugandhe\Documents\MyWorkSpace\STABLEProjectv4_Latest\src\main\java\org\stable\sdk\model\units\mg_per_dL_Unit.java
C:\Users\shantanugandhe\Documents\MyWorkSpace\STABLEProjectv4_Latest\src\main\java\com\stable\sdk\service\lab\DoctorService5.java
C:\Users\shantanugandhe\Documents\MyWorkSpace\STABLEProjectv4_Latest\src\main\java\org\stable\sdk\model\measurement\labwork\cbc\metamyelocytes\Metamyelocytes_Method_Type.java
C:\Users\shantanugandhe\Documents\MyWorkSpace\STABLEProjectv4_Latest\src\main\java\org\stable\web\session\exception\AddrException.java
C:\Users\shantanugandhe\Documents\MyWorkSpace\STABLEProjectv4_Latest\src\main\java\org\stable\sdk\model\patient\PatientStatus.java
C:\Users\shantanugandhe\Documents\MyWorkSpace\STABLEProjectv4_Latest\src\main\java\org\stable\sdk\model\device\labwork\cbc\metamyelocytes\MetamyelocytesDevice.java
C:\Users\shantanugandhe\Documents\MyWorkSpace\STABLEProjectv4_Latest\src\main\java\org\stable\sdk\model\measurement\labwork\cbc\hgb\Hgb_Measurement.java
C:\Users\shantanugandhe\Documents\MyWorkSpace\STABLEProjectv4_Latest\src\main\java\org\stable\sdk\service\devices\DeviceService.java
C:\Users\shantanugandhe\Documents\MyWorkSpace\STABLEProjectv4_Latest\src\main\java\org\stable\sdk\model\measurement\vitalsigns\bloodpressure\BloodPressure_Measurement.java
C:\Users\shantanugandhe\Documents\MyWorkSpace\STABLEProjectv4_Latest\src\main\java\org\stable\sdk\model\measurement\sugar\treatment\uvcat\UVC_Method_Type.java
C:\Users\shantanugandhe\Documents\MyWorkSpace\STABLEProjectv4_Latest\src\main\java\com\me\pojo\LabTestDirectory.java
C:\Users\shantanugandhe\Documents\MyWorkSpace\STABLEProjectv4_Latest\src\main\java\org\stable\sdk\model\measurement\labwork\cbc\neutrophils\Neutrophils_Method_Type.java
C:\Users\shantanugandhe\Documents\MyWorkSpace\STABLEProjectv4_Latest\src\main\java\org\stable\sdk\model\device\DeviceFactory.java
C:\Users\shantanugandhe\Documents\MyWorkSpace\STABLEProjectv4_Latest\src\main\java\org\stable\sdk\model\measurement\labwork\electrolytes\Cl\Cl_Method_Type.java
C:\Users\shantanugandhe\Documents\MyWorkSpace\STABLEProjectv4_Latest\src\main\java\org\stable\sdk\model\measurement\sugar\treatment\dextrosehourlyinfusionrate\DextroseHourlyInfusionRate_Measurement.java
C:\Users\shantanugandhe\Documents\MyWorkSpace\STABLEProjectv4_Latest\src\main\java\org\stable\sdk\model\units\mmol_per_L_Unit.java
C:\Users\shantanugandhe\Documents\MyWorkSpace\STABLEProjectv4_Latest\src\main\java\org\stable\sdk\model\patient\PBLStatus.java
C:\Users\shantanugandhe\Documents\MyWorkSpace\STABLEProjectv4_Latest\src\main\java\org\stable\sdk\model\measurement\MeasurementType.java
C:\Users\shantanugandhe\Documents\MyWorkSpace\STABLEProjectv4_Latest\src\main\java\org\stable\sdk\model\measurement\bloodpressure\capillaryrefilltime\CapillaryRefillTime_Method_Type.java
C:\Users\shantanugandhe\Documents\MyWorkSpace\STABLEProjectv4_Latest\src\main\java\org\stable\sdk\model\device\labwork\electrolytes\totalcalcium\TotalCalciumDevice.java
C:\Users\shantanugandhe\Documents\MyWorkSpace\STABLEProjectv4_Latest\src\main\java\org\stable\sdk\model\measurement\vitalsigns\bloodpressure\BloodPressureValue.java
C:\Users\shantanugandhe\Documents\MyWorkSpace\STABLEProjectv4_Latest\src\main\java\org\stable\sdk\model\measurement\sugar\gestationalage\GestationalAgeValue.java
C:\Users\shantanugandhe\Documents\MyWorkSpace\STABLEProjectv4_Latest\src\main\java\org\stable\sdk\model\units\K_per_Ul_Unit.java
C:\Users\shantanugandhe\Documents\MyWorkSpace\STABLEProjectv4_Latest\src\main\java\org\stable\sdk\model\measurement\labwork\clotting\pt\ProthrombinTime_Measurement.java
C:\Users\shantanugandhe\Documents\MyWorkSpace\STABLEProjectv4_Latest\src\main\java\org\stable\sdk\model\measurement\airway\volumebolustype\VolumeBolusType_Measurement.java
C:\Users\shantanugandhe\Documents\MyWorkSpace\STABLEProjectv4_Latest\src\main\java\org\stable\sdk\model\units\Percentage_Unit.java
C:\Users\shantanugandhe\Documents\MyWorkSpace\STABLEProjectv4_Latest\src\main\java\org\stable\sdk\model\measurement\labwork\electrolytes\ionizedcalcium\IonizedCalcium_Method_Type.java
C:\Users\shantanugandhe\Documents\MyWorkSpace\STABLEProjectv4_Latest\src\main\java\org\stable\sdk\model\units\Hgb_Unit.java
C:\Users\shantanugandhe\Documents\MyWorkSpace\STABLEProjectv4_Latest\src\main\java\org\stable\sdk\exception\DeviceNotAvailiableException.java
C:\Users\shantanugandhe\Documents\MyWorkSpace\STABLEProjectv4_Latest\src\main\java\org\stable\web\controller\TestMeasurementController.java
C:\Users\shantanugandhe\Documents\MyWorkSpace\STABLEProjectv4_Latest\src\main\java\org\stable\sdk\model\encounter\Encounter.java
C:\Users\shantanugandhe\Documents\MyWorkSpace\STABLEProjectv4_Latest\src\main\java\org\stable\sdk\model\measurement\vitalsigns\weight\Weight_Method_Type.java
C:\Users\shantanugandhe\Documents\MyWorkSpace\STABLEProjectv4_Latest\src\main\java\org\stable\sdk\model\measurement\vitalsigns\bloodgas\BloodGas_Method_Type.java
C:\Users\shantanugandhe\Documents\MyWorkSpace\STABLEProjectv4_Latest\src\main\java\org\stable\sdk\model\measurement\sugar\treatment\vacat\UAC_Measurement.java
C:\Users\shantanugandhe\Documents\MyWorkSpace\STABLEProjectv4_Latest\src\main\java\org\stable\sdk\model\device\labwork\cbc\bands\BandsDevice.java
C:\Users\shantanugandhe\Documents\MyWorkSpace\STABLEProjectv4_Latest\src\main\java\org\stable\sdk\model\measurement\labwork\cbc\monos\Monos_Measurement.java
C:\Users\shantanugandhe\Documents\MyWorkSpace\STABLEProjectv4_Latest\src\main\java\org\stable\sdk\model\measurement\sugar\treatment\vacat\UAC_Method_Type.java
C:\Users\shantanugandhe\Documents\MyWorkSpace\STABLEProjectv4_Latest\src\main\java\org\stable\sdk\model\measurement\sugar\treatment\dextroseconc\DextroseConc_Measurement.java
C:\Users\shantanugandhe\Documents\MyWorkSpace\STABLEProjectv4_Latest\src\main\java\org\stable\sdk\service\patient\IPatientService.java
C:\Users\shantanugandhe\Documents\MyWorkSpace\STABLEProjectv4_Latest\src\main\java\org\stable\sdk\model\measurement\airway\ettube\ETTube_Measurement.java
C:\Users\shantanugandhe\Documents\MyWorkSpace\STABLEProjectv4_Latest\src\main\java\org\stable\sdk\model\measurement\airway\ppv\PPV_Measurement.java
C:\Users\shantanugandhe\Documents\MyWorkSpace\STABLEProjectv4_Latest\src\main\java\org\stable\sdk\model\measurement\vitalsigns\bloodgroup\BloodGroup_Value.java
C:\Users\shantanugandhe\Documents\MyWorkSpace\STABLEProjectv4_Latest\src\main\java\org\stable\sdk\service\patient\PatientService.java
C:\Users\shantanugandhe\Documents\MyWorkSpace\STABLEProjectv4_Latest\src\main\java\org\stable\sdk\model\measurement\vitalsigns\fio2\FiO2_Method_Type.java
C:\Users\shantanugandhe\Documents\MyWorkSpace\STABLEProjectv4_Latest\src\main\java\org\stable\sdk\model\measurement\labwork\cbc\metamyelocytes\Metamyelocytes_Measurement.java
C:\Users\shantanugandhe\Documents\MyWorkSpace\STABLEProjectv4_Latest\src\main\java\org\stable\sdk\model\measurement\labwork\electrolytes\Na\Na_Measurement.java
C:\Users\shantanugandhe\Documents\MyWorkSpace\STABLEProjectv4_Latest\src\main\java\org\stable\sdk\model\measurement\vitalsigns\respiratoryrate\RespiratoryRate_Method_Type.java
C:\Users\shantanugandhe\Documents\MyWorkSpace\STABLEProjectv4_Latest\src\main\java\org\stable\sdk\model\measurement\sugar\birthorder\BirthOrder_Measurement.java
C:\Users\shantanugandhe\Documents\MyWorkSpace\STABLEProjectv4_Latest\src\main\java\org\stable\sdk\service\measurement\MeasurementService.java
C:\Users\shantanugandhe\Documents\MyWorkSpace\STABLEProjectv4_Latest\src\main\java\org\stable\sdk\model\measurement\vitalsigns\hco3\HCO3_Measurement.java
C:\Users\shantanugandhe\Documents\MyWorkSpace\STABLEProjectv4_Latest\src\main\java\org\stable\sdk\model\units\Per_Min_Unit.java
C:\Users\shantanugandhe\Documents\MyWorkSpace\STABLEProjectv4_Latest\src\main\java\org\stable\sdk\model\measurement\sugar\birthorder\BirthOrder_Method_Type.java
C:\Users\shantanugandhe\Documents\MyWorkSpace\STABLEProjectv4_Latest\src\main\java\org\stable\sdk\model\device\bloodpressure\capillaryrefilltime\CapillaryRefillTimeDevice.java
C:\Users\shantanugandhe\Documents\MyWorkSpace\STABLEProjectv4_Latest\src\main\java\com\webflow\util\LabModuleConstants.java
C:\Users\shantanugandhe\Documents\MyWorkSpace\STABLEProjectv4_Latest\src\main\java\org\stable\sdk\exception\DateFormatException.java
C:\Users\shantanugandhe\Documents\MyWorkSpace\STABLEProjectv4_Latest\src\main\java\org\stable\sdk\model\measurement\vitalsigns\bloodgroup\BloodGroup_Measurement.java
C:\Users\shantanugandhe\Documents\MyWorkSpace\STABLEProjectv4_Latest\src\main\java\org\stable\web\controller\TestObject.java
C:\Users\shantanugandhe\Documents\MyWorkSpace\STABLEProjectv4_Latest\src\main\java\org\stable\sdk\model\person\UserAccount.java
C:\Users\shantanugandhe\Documents\MyWorkSpace\STABLEProjectv4_Latest\src\main\java\com\me\pojo\AbstractLabTest.java
C:\Users\shantanugandhe\Documents\MyWorkSpace\STABLEProjectv4_Latest\src\main\java\org\stable\sdk\model\measurement\airway\cpap\CPAP_MeasurmentValue.java
C:\Users\shantanugandhe\Documents\MyWorkSpace\STABLEProjectv4_Latest\src\main\java\org\stable\sdk\model\measurement\labwork\crp\C_ReactiveProtein_Method_Type.java
C:\Users\shantanugandhe\Documents\MyWorkSpace\STABLEProjectv4_Latest\src\main\java\org\stable\sdk\model\device\DeviceStatus.java
C:\Users\shantanugandhe\Documents\MyWorkSpace\STABLEProjectv4_Latest\src\main\java\org\stable\sdk\model\measurement\sugar\treatment\bolusinfusionrate\BolusInfusionRate_Measurement.java
C:\Users\shantanugandhe\Documents\MyWorkSpace\STABLEProjectv4_Latest\src\main\java\org\stable\sdk\model\measurement\vitalsigns\pco2\PCO2_Method_Type.java
C:\Users\shantanugandhe\Documents\MyWorkSpace\STABLEProjectv4_Latest\src\main\java\org\stable\sdk\model\device\DeviceType.java
C:\Users\shantanugandhe\Documents\MyWorkSpace\STABLEProjectv4_Latest\src\main\java\org\stable\sdk\model\measurement\sugar\treatment\bolusdose\BolusDose_Measurement.java
C:\Users\shantanugandhe\Documents\MyWorkSpace\STABLEProjectv4_Latest\src\main\java\org\stable\sdk\model\device\sugar\headcircumference\HeadCircumferenceDevice.java
C:\Users\shantanugandhe\Documents\MyWorkSpace\STABLEProjectv4_Latest\src\main\java\org\stable\sdk\model\device\airway\ettube\ETTubeDevice.java
C:\Users\shantanugandhe\Documents\MyWorkSpace\STABLEProjectv4_Latest\src\main\java\org\stable\sdk\service\utils\EncryptionUtil.java
C:\Users\shantanugandhe\Documents\MyWorkSpace\STABLEProjectv4_Latest\src\main\java\org\stable\sdk\model\device\sugar\treatment\uvcat\UVCDevice.java
C:\Users\shantanugandhe\Documents\MyWorkSpace\STABLEProjectv4_Latest\src\main\java\org\stable\sdk\model\device\airway\cpap\CPAPDevice.java
C:\Users\shantanugandhe\Documents\MyWorkSpace\STABLEProjectv4_Latest\src\main\java\org\stable\sdk\model\measurement\airway\cpap\CPAP_Measurement.java
C:\Users\shantanugandhe\Documents\MyWorkSpace\STABLEProjectv4_Latest\src\main\java\com\me\pojo\BGLabTest.java
C:\Users\shantanugandhe\Documents\MyWorkSpace\STABLEProjectv4_Latest\src\main\java\org\stable\sdk\model\measurement\vitalsigns\fio2\FiO2_Measurement.java
C:\Users\shantanugandhe\Documents\MyWorkSpace\STABLEProjectv4_Latest\src\main\java\org\stable\sdk\model\clinic\Clinic.java
C:\Users\shantanugandhe\Documents\MyWorkSpace\STABLEProjectv4_Latest\src\main\java\org\stable\sdk\DAO\common\IDao.java
C:\Users\shantanugandhe\Documents\MyWorkSpace\STABLEProjectv4_Latest\src\main\java\org\stable\sdk\model\measurement\airway\dopamine\Dopamine_Method_Type.java
C:\Users\shantanugandhe\Documents\MyWorkSpace\STABLEProjectv4_Latest\src\main\java\com\me\pojo\LabTests.java
C:\Users\shantanugandhe\Documents\MyWorkSpace\STABLEProjectv4_Latest\src\main\java\org\stable\sdk\model\measurement\labwork\cbc\eos\Eos_Method_Type.java
C:\Users\shantanugandhe\Documents\MyWorkSpace\STABLEProjectv4_Latest\src\main\java\org\stable\sdk\model\units\kg_Unit.java
C:\Users\shantanugandhe\Documents\MyWorkSpace\STABLEProjectv4_Latest\src\main\java\org\stable\sdk\model\test\BloodGas.java
C:\Users\shantanugandhe\Documents\MyWorkSpace\STABLEProjectv4_Latest\src\main\java\org\stable\sdk\model\measurement\labwork\bloodgas\MetHb\MetHb_Method_Type.java
C:\Users\shantanugandhe\Documents\MyWorkSpace\STABLEProjectv4_Latest\src\main\java\org\stable\sdk\model\device\sugar\treatment\ivtype\IVTypeDevice.java
C:\Users\shantanugandhe\Documents\MyWorkSpace\STABLEProjectv4_Latest\src\main\java\org\stable\sdk\model\measurement\airway\baseexcess\BaseExcess_Method_Type.java
C:\Users\shantanugandhe\Documents\MyWorkSpace\STABLEProjectv4_Latest\src\main\java\org\stable\sdk\model\patient\BirthDetails.java
C:\Users\shantanugandhe\Documents\MyWorkSpace\STABLEProjectv4_Latest\src\main\java\org\stable\sdk\model\measurement\sugar\treatment\bolusdose\BolusDose_Method_Type.java
C:\Users\shantanugandhe\Documents\MyWorkSpace\STABLEProjectv4_Latest\src\main\java\org\stable\sdk\model\measurement\labwork\cbc\hct\Hct_Method_Type.java
C:\Users\shantanugandhe\Documents\MyWorkSpace\STABLEProjectv4_Latest\src\main\java\org\stable\sdk\model\device\labwork\clotting\ptt\PartialThromboplastinTimeDevice.java
C:\Users\shantanugandhe\Documents\MyWorkSpace\STABLEProjectv4_Latest\src\main\java\org\stable\sdk\model\patient\Patient.java
C:\Users\shantanugandhe\Documents\MyWorkSpace\STABLEProjectv4_Latest\src\main\java\org\stable\sdk\model\test\Electrolytes.java
C:\Users\shantanugandhe\Documents\MyWorkSpace\STABLEProjectv4_Latest\src\main\java\org\stable\sdk\model\measurement\sugar\treatment\dextroseinfusionrate\DesiredInfusionRate_Method_Type.java
C:\Users\shantanugandhe\Documents\MyWorkSpace\STABLEProjectv4_Latest\src\main\java\com\me\pojo\RiskFactors.java
C:\Users\shantanugandhe\Documents\MyWorkSpace\STABLEProjectv4_Latest\src\main\java\org\stable\sdk\model\measurement\IMeasurementType.java
C:\Users\shantanugandhe\Documents\MyWorkSpace\STABLEProjectv4_Latest\src\main\java\org\stable\sdk\model\device\vitalsigns\fio2\FiO2Device.java
C:\Users\shantanugandhe\Documents\MyWorkSpace\STABLEProjectv4_Latest\src\main\java\org\stable\web\controller\TestController.java
C:\Users\shantanugandhe\Documents\MyWorkSpace\STABLEProjectv4_Latest\src\main\java\org\stable\sdk\service\devices\IDeviceService.java
C:\Users\shantanugandhe\Documents\MyWorkSpace\STABLEProjectv4_Latest\src\main\java\org\stable\sdk\model\measurement\airway\o2inuse\O2InUse_Method_Type.java
C:\Users\shantanugandhe\Documents\MyWorkSpace\STABLEProjectv4_Latest\src\main\java\org\stable\sdk\model\device\labwork\clotting\pt\ProthrombinTimeDevice.java
C:\Users\shantanugandhe\Documents\MyWorkSpace\STABLEProjectv4_Latest\src\main\java\org\stable\sdk\model\measurement\sugar\treatment\ivtype\IVType_Measurement.java
C:\Users\shantanugandhe\Documents\MyWorkSpace\STABLEProjectv4_Latest\src\main\java\com\me\pojo\RiskFactorDirectory.java
C:\Users\shantanugandhe\Documents\MyWorkSpace\STABLEProjectv4_Latest\src\main\java\org\stable\sdk\model\bedlocation\BedLocationStatus.java
C:\Users\shantanugandhe\Documents\MyWorkSpace\STABLEProjectv4_Latest\src\main\java\org\stable\sdk\model\measurement\labwork\electrolytes\ionizedcalcium\IonizedCalcium_Measurement.java
C:\Users\shantanugandhe\Documents\MyWorkSpace\STABLEProjectv4_Latest\src\main\java\org\stable\sdk\model\units\GlucoseLevel_Unit.java
C:\Users\shantanugandhe\Documents\MyWorkSpace\STABLEProjectv4_Latest\src\main\java\org\stable\sdk\model\device\TestDevice.java
C:\Users\shantanugandhe\Documents\MyWorkSpace\STABLEProjectv4_Latest\src\main\java\org\stable\sdk\service\security\SecurityServiceImpl.java
C:\Users\shantanugandhe\Documents\MyWorkSpace\STABLEProjectv4_Latest\src\main\java\org\stable\sdk\model\measurement\labwork\cbc\lymphs\Lymphs_Measurement.java
C:\Users\shantanugandhe\Documents\MyWorkSpace\STABLEProjectv4_Latest\src\main\java\org\stable\sdk\service\encounter\IEncounterService.java
C:\Users\shantanugandhe\Documents\MyWorkSpace\STABLEProjectv4_Latest\src\main\java\org\stable\sdk\model\measurement\vitalsigns\temperature\Temperature_Measurement.java
C:\Users\shantanugandhe\Documents\MyWorkSpace\STABLEProjectv4_Latest\src\main\java\org\stable\sdk\model\units\UnitFactory.java
C:\Users\shantanugandhe\Documents\MyWorkSpace\STABLEProjectv4_Latest\src\main\java\org\stable\sdk\model\device\labwork\cbc\wbc\WBCDevice.java
C:\Users\shantanugandhe\Documents\MyWorkSpace\STABLEProjectv4_Latest\src\main\java\org\stable\sdk\model\units\IUnit.java
C:\Users\shantanugandhe\Documents\MyWorkSpace\STABLEProjectv4_Latest\src\main\java\org\stable\sdk\model\units\Temperature_Metric.java
C:\Users\shantanugandhe\Documents\MyWorkSpace\STABLEProjectv4_Latest\src\main\java\org\stable\sdk\model\device\labwork\cbc\hgb\HgbDevice.java
C:\Users\shantanugandhe\Documents\MyWorkSpace\STABLEProjectv4_Latest\src\main\java\org\stable\sdk\model\measurement\vitalsigns\pHlevel\pHLevel_Measurement.java
C:\Users\shantanugandhe\Documents\MyWorkSpace\STABLEProjectv4_Latest\src\main\java\org\stable\sdk\model\measurement\labwork\electrolytes\K\K_Method_Type.java
C:\Users\shantanugandhe\Documents\MyWorkSpace\STABLEProjectv4_Latest\src\main\java\com\me\pojo\Infant.java
C:\Users\shantanugandhe\Documents\MyWorkSpace\STABLEProjectv4_Latest\src\main\java\org\stable\sdk\model\units\Time_Metric.java
C:\Users\shantanugandhe\Documents\MyWorkSpace\STABLEProjectv4_Latest\src\main\java\org\stable\sdk\model\measurement\airway\volumebolusamount\VolumeBolousAmount_Method_Type.java
C:\Users\shantanugandhe\Documents\MyWorkSpace\STABLEProjectv4_Latest\src\main\java\org\stable\sdk\model\measurement\bloodpressure\capillaryrefilltime\CapillaryRefillTime_Measurement.java
C:\Users\shantanugandhe\Documents\MyWorkSpace\STABLEProjectv4_Latest\src\main\java\org\stable\sdk\model\device\sugar\treatment\dextroseinfusionrate\DextroseInfusionRateDevice.java
C:\Users\shantanugandhe\Documents\MyWorkSpace\STABLEProjectv4_Latest\src\main\java\com\me\pojo\BabyProfilePojo.java
C:\Users\shantanugandhe\Documents\MyWorkSpace\STABLEProjectv4_Latest\src\main\java\com\webflow\util\CustomDateTool.java
C:\Users\shantanugandhe\Documents\MyWorkSpace\STABLEProjectv4_Latest\src\main\java\org\stable\sdk\service\security\ISecurityService.java
C:\Users\shantanugandhe\Documents\MyWorkSpace\STABLEProjectv4_Latest\src\main\java\org\stable\sdk\model\measurement\labwork\crp\C_ReactiveProtein_Measurement.java
C:\Users\shantanugandhe\Documents\MyWorkSpace\STABLEProjectv4_Latest\src\main\java\org\stable\web\controller\HomeController.java
C:\Users\shantanugandhe\Documents\MyWorkSpace\STABLEProjectv4_Latest\src\main\java\org\stable\sdk\model\measurement\sugar\gestationalage\GestationalAge_Method_Type.java
C:\Users\shantanugandhe\Documents\MyWorkSpace\STABLEProjectv4_Latest\src\main\java\org\stable\sdk\model\person\AccountStatus.java
C:\Users\shantanugandhe\Documents\MyWorkSpace\STABLEProjectv4_Latest\src\main\java\org\stable\sdk\model\measurement\airway\dopamine\Dopamine_Measurement.java
C:\Users\shantanugandhe\Documents\MyWorkSpace\STABLEProjectv4_Latest\src\main\java\org\stable\sdk\model\device\labwork\cbc\basos\BasosDevice.java
C:\Users\shantanugandhe\Documents\MyWorkSpace\STABLEProjectv4_Latest\src\main\java\org\stable\sdk\model\device\labwork\electrolytes\K\KDevice.java
C:\Users\shantanugandhe\Documents\MyWorkSpace\STABLEProjectv4_Latest\src\main\java\org\stable\sdk\model\measurement\labwork\clotting\fibrinogen\Fibrinogen_Measurement.java
C:\Users\shantanugandhe\Documents\MyWorkSpace\STABLEProjectv4_Latest\src\main\java\org\stable\sdk\model\measurement\MeasurementValue.java
C:\Users\shantanugandhe\Documents\MyWorkSpace\STABLEProjectv4_Latest\src\main\java\org\stable\web\common\AppParameters.java
C:\Users\shantanugandhe\Documents\MyWorkSpace\STABLEProjectv4_Latest\src\main\java\org\stable\sdk\model\device\airway\baseexcess\BaseExcessDevice.java
C:\Users\shantanugandhe\Documents\MyWorkSpace\STABLEProjectv4_Latest\src\main\java\com\me\pojo\RiskFactor.java
C:\Users\shantanugandhe\Documents\MyWorkSpace\STABLEProjectv4_Latest\src\main\java\org\stable\sdk\model\measurement\labwork\cbc\wbc\WBC_Method_Type.java
C:\Users\shantanugandhe\Documents\MyWorkSpace\STABLEProjectv4_Latest\src\main\java\org\stable\sdk\model\measurement\sugar\treatment\dextroseinfusionrate\DextroseInfusionRate_Measurement.java
C:\Users\shantanugandhe\Documents\MyWorkSpace\STABLEProjectv4_Latest\src\main\java\org\stable\sdk\model\measurement\sugar\treatment\bolusconc\BolusConc_Method_Type.java
C:\Users\shantanugandhe\Documents\MyWorkSpace\STABLEProjectv4_Latest\src\main\java\org\stable\web\controller\TestPatient.java
C:\Users\shantanugandhe\Documents\MyWorkSpace\STABLEProjectv4_Latest\src\main\java\org\stable\web\session\SessionParameters.java
C:\Users\shantanugandhe\Documents\MyWorkSpace\STABLEProjectv4_Latest\src\main\java\org\stable\sdk\model\patient\PatientBedLocation.java
C:\Users\shantanugandhe\Documents\MyWorkSpace\STABLEProjectv4_Latest\src\main\java\org\stable\sdk\model\patient\Person.java
C:\Users\shantanugandhe\Documents\MyWorkSpace\STABLEProjectv4_Latest\src\main\java\org\stable\sdk\model\order\Order.java
C:\Users\shantanugandhe\Documents\MyWorkSpace\STABLEProjectv4_Latest\src\main\java\com\me\pojo\LoginClass.java
C:\Users\shantanugandhe\Documents\MyWorkSpace\STABLEProjectv4_Latest\src\main\java\org\stable\sdk\model\measurement\sugar\glucoselevel\GlucoseLevel_Measurement.java
C:\Users\shantanugandhe\Documents\MyWorkSpace\STABLEProjectv4_Latest\src\main\java\org\stable\sdk\exception\HashMapDuplication.java
C:\Users\shantanugandhe\Documents\MyWorkSpace\STABLEProjectv4_Latest\src\main\java\org\stable\sdk\model\measurement\labwork\cbc\bands\Bands_Measurement.java
C:\Users\shantanugandhe\Documents\MyWorkSpace\STABLEProjectv4_Latest\src\main\java\org\stable\sdk\model\measurement\vitalsigns\o2saturation\O2Saturation_Method_Type.java
C:\Users\shantanugandhe\Documents\MyWorkSpace\STABLEProjectv4_Latest\src\main\java\org\stable\sdk\model\measurement\sugar\treatment\ivat\IV_AT_Measurement.java
C:\Users\shantanugandhe\Documents\MyWorkSpace\STABLEProjectv4_Latest\src\main\java\org\stable\sdk\model\measurement\airway\trachealincubation\TrachealIncubation_Measurement.java
C:\Users\shantanugandhe\Documents\MyWorkSpace\STABLEProjectv4_Latest\src\main\java\org\stable\sdk\model\bedlocation\BedLocationType.java
C:\Users\shantanugandhe\Documents\MyWorkSpace\STABLEProjectv4_Latest\src\main\java\org\stable\sdk\model\device\labwork\bloodgas\MetHb\MetHbDevice.java
C:\Users\shantanugandhe\Documents\MyWorkSpace\STABLEProjectv4_Latest\src\main\java\org\stable\sdk\model\device\labwork\clotting\fibrinogen\FibrinogenDevice.java
C:\Users\shantanugandhe\Documents\MyWorkSpace\STABLEProjectv4_Latest\src\main\java\org\stable\sdk\model\device\labwork\cbc\monos\MonosDevice.java
C:\Users\shantanugandhe\Documents\MyWorkSpace\STABLEProjectv4_Latest\src\main\java\org\stable\sdk\model\measurement\labwork\cbc\eos\Eos_Measurement.java
C:\Users\shantanugandhe\Documents\MyWorkSpace\STABLEProjectv4_Latest\src\main\java\org\stable\sdk\model\device\labwork\electrolytes\CO2\CO2Device.java
C:\Users\shantanugandhe\Documents\MyWorkSpace\STABLEProjectv4_Latest\src\main\java\org\stable\sdk\model\measurement\labwork\cbc\wbc\WBC_Measurement.java
C:\Users\shantanugandhe\Documents\MyWorkSpace\STABLEProjectv4_Latest\src\main\java\org\stable\sdk\model\test\Clotting.java
C:\Users\shantanugandhe\Documents\MyWorkSpace\STABLEProjectv4_Latest\src\main\java\org\stable\sdk\model\device\AbstractFactory.java
C:\Users\shantanugandhe\Documents\MyWorkSpace\STABLEProjectv4_Latest\src\main\java\org\stable\sdk\model\measurement\airway\ettube\ETTube_MeasurmentValue.java
C:\Users\shantanugandhe\Documents\MyWorkSpace\STABLEProjectv4_Latest\src\main\java\org\stable\sdk\service\clinic\IClinicService.java
C:\Users\shantanugandhe\Documents\MyWorkSpace\STABLEProjectv4_Latest\src\main\java\org\stable\sdk\model\device\airway\o2inuse\O2InUseDevice.java
C:\Users\shantanugandhe\Documents\MyWorkSpace\STABLEProjectv4_Latest\src\main\java\org\stable\sdk\model\measurement\bloodpressure\pulsepressure\PulsePressure_Method_Type.java
C:\Users\shantanugandhe\Documents\MyWorkSpace\STABLEProjectv4_Latest\src\main\java\org\stable\sdk\model\measurement\airway\trachealincubation\TrachealIncubation_Method_Type.java
C:\Users\shantanugandhe\Documents\MyWorkSpace\STABLEProjectv4_Latest\src\main\java\org\stable\sdk\model\device\vitalsigns\bloodgas\BloodGasDevice.java
C:\Users\shantanugandhe\Documents\MyWorkSpace\STABLEProjectv4_Latest\src\main\java\org\stable\sdk\model\device\labwork\cbc\plts\PLTSDevice.java
C:\Users\shantanugandhe\Documents\MyWorkSpace\STABLEProjectv4_Latest\src\main\java\org\stable\sdk\model\measurement\labwork\cbc\basos\Basos_Measurement.java
C:\Users\shantanugandhe\Documents\MyWorkSpace\STABLEProjectv4_Latest\src\main\java\com\service\DoctorService3.java
C:\Users\shantanugandhe\Documents\MyWorkSpace\STABLEProjectv4_Latest\src\main\java\org\stable\web\session\Session.java
C:\Users\shantanugandhe\Documents\MyWorkSpace\STABLEProjectv4_Latest\src\main\java\org\stable\web\session\exception\TimestampException.java
C:\Users\shantanugandhe\Documents\MyWorkSpace\STABLEProjectv4_Latest\src\main\java\org\stable\web\session\exception\SessionLockedException.java
C:\Users\shantanugandhe\Documents\MyWorkSpace\STABLEProjectv4_Latest\src\main\java\com\stable\sdk\riskmodel\RiskGenerate.java
C:\Users\shantanugandhe\Documents\MyWorkSpace\STABLEProjectv4_Latest\src\main\java\org\stable\sdk\model\device\labwork\cbc\neutrophils\NeutrophilsDevice.java
C:\Users\shantanugandhe\Documents\MyWorkSpace\STABLEProjectv4_Latest\src\main\java\org\stable\sdk\model\device\sugar\treatment\bolusconc\BolusConcDevice.java
C:\Users\shantanugandhe\Documents\MyWorkSpace\STABLEProjectv4_Latest\src\main\java\org\stable\web\spring\StableSessionInterceptor.java
C:\Users\shantanugandhe\Documents\MyWorkSpace\STABLEProjectv4_Latest\src\main\java\org\stable\sdk\model\device\IDevice.java
C:\Users\shantanugandhe\Documents\MyWorkSpace\STABLEProjectv4_Latest\src\main\java\org\stable\sdk\model\measurement\labwork\cbc\lymphs\Lymphs_Method_Type.java
C:\Users\shantanugandhe\Documents\MyWorkSpace\STABLEProjectv4_Latest\src\main\java\org\stable\web\controller\LoginController.java
C:\Users\shantanugandhe\Documents\MyWorkSpace\STABLEProjectv4_Latest\src\main\java\org\stable\sdk\model\measurement\vitalsigns\heartrate\HeartRate_Method_Type.java
C:\Users\shantanugandhe\Documents\MyWorkSpace\STABLEProjectv4_Latest\src\main\java\com\me\pojo\CBCLabTest.java
C:\Users\shantanugandhe\Documents\MyWorkSpace\STABLEProjectv4_Latest\src\main\java\org\stable\web\controller\TestSave.java
C:\Users\shantanugandhe\Documents\MyWorkSpace\STABLEProjectv4_Latest\src\main\java\org\stable\sdk\model\device\labwork\cbc\eos\EosDevice.java
C:\Users\shantanugandhe\Documents\MyWorkSpace\STABLEProjectv4_Latest\src\main\java\org\stable\sdk\model\device\vitalsigns\temperature\TemperatureDevice.java
C:\Users\shantanugandhe\Documents\MyWorkSpace\STABLEProjectv4_Latest\src\main\java\org\stable\sdk\model\device\sugar\treatment\dextroseconc\DextroseConcDevice.java
C:\Users\shantanugandhe\Documents\MyWorkSpace\STABLEProjectv4_Latest\src\main\java\org\stable\sdk\model\measurement\airway\o2inuse\O2InUse_Measurement.java
C:\Users\shantanugandhe\Documents\MyWorkSpace\STABLEProjectv4_Latest\src\main\java\org\stable\sdk\model\measurement\labwork\cbc\basos\Basos_Method_Type.java
C:\Users\shantanugandhe\Documents\MyWorkSpace\STABLEProjectv4_Latest\src\main\java\org\stable\sdk\model\measurement\vitalsigns\respiratoryrate\RespiratoryRate_Measurement.java
C:\Users\shantanugandhe\Documents\MyWorkSpace\STABLEProjectv4_Latest\src\main\java\org\stable\sdk\model\device\IDeviceType.java
C:\Users\shantanugandhe\Documents\MyWorkSpace\STABLEProjectv4_Latest\src\main\java\org\stable\sdk\model\device\sugar\height\HeightDevice.java
C:\Users\shantanugandhe\Documents\MyWorkSpace\STABLEProjectv4_Latest\src\main\java\org\stable\sdk\model\bedlocation\BedLocation.java
C:\Users\shantanugandhe\Documents\MyWorkSpace\STABLEProjectv4_Latest\src\main\java\org\stable\sdk\model\measurement\vitalsigns\weight\Weight_Measurement.java
C:\Users\shantanugandhe\Documents\MyWorkSpace\STABLEProjectv4_Latest\src\main\java\org\stable\sdk\model\device\airway\dopamine\DopamineDevice.java
C:\Users\shantanugandhe\Documents\MyWorkSpace\STABLEProjectv4_Latest\src\main\java\org\stable\sdk\model\measurement\sugar\treatment\ivat\IV_AT_Method_Type.java
C:\Users\shantanugandhe\Documents\MyWorkSpace\STABLEProjectv4_Latest\src\main\java\org\stable\sdk\model\device\labwork\crp\C_ReactiveProteinDevice.java
C:\Users\shantanugandhe\Documents\MyWorkSpace\STABLEProjectv4_Latest\src\main\java\org\stable\sdk\DAO\common\AbstractHibernateDao.java
C:\Users\shantanugandhe\Documents\MyWorkSpace\STABLEProjectv4_Latest\src\main\java\org\stable\sdk\model\device\vitalsigns\hco3\HCO3Device.java
C:\Users\shantanugandhe\Documents\MyWorkSpace\STABLEProjectv4_Latest\src\main\java\org\stable\sdk\model\device\labwork\cbc\hct\HctDevice.java
C:\Users\shantanugandhe\Documents\MyWorkSpace\STABLEProjectv4_Latest\src\main\java\org\stable\sdk\model\measurement\labwork\clotting\ptt\PartialThromboplastinTime_Method_Type.java
C:\Users\shantanugandhe\Documents\MyWorkSpace\STABLEProjectv4_Latest\src\main\java\org\stable\sdk\model\measurement\labwork\electrolytes\Cl\Cl_Measurement.java
C:\Users\shantanugandhe\Documents\MyWorkSpace\STABLEProjectv4_Latest\src\main\java\org\stable\sdk\model\measurement\vitalsigns\bloodpressure\BloodPressure_Method_Type.java
C:\Users\shantanugandhe\Documents\MyWorkSpace\STABLEProjectv4_Latest\src\main\java\org\stable\sdk\model\measurement\sugar\headcircumference\HeadCircumference_Measurement.java
C:\Users\shantanugandhe\Documents\MyWorkSpace\STABLEProjectv4_Latest\src\main\java\org\stable\sdk\model\measurement\airway\cpap\CPAP_Method_Type.java
C:\Users\shantanugandhe\Documents\MyWorkSpace\STABLEProjectv4_Latest\src\main\java\org\stable\sdk\model\measurement\sugar\treatment\uvcat\UVC_Measurement.java
C:\Users\shantanugandhe\Documents\MyWorkSpace\STABLEProjectv4_Latest\src\main\java\org\stable\sdk\model\measurement\vitalsigns\heartrate\HeartRate_Measurement.java
C:\Users\shantanugandhe\Documents\MyWorkSpace\STABLEProjectv4_Latest\src\main\java\org\stable\sdk\model\measurement\MeasurementFactory.java
C:\Users\shantanugandhe\Documents\MyWorkSpace\STABLEProjectv4_Latest\src\main\java\org\stable\sdk\model\measurement\sugar\headcircumference\HeadCircumference_Method_Type.java
C:\Users\shantanugandhe\Documents\MyWorkSpace\STABLEProjectv4_Latest\src\main\java\org\stable\sdk\model\measurement\vitalsigns\pHlevel\pHLevel_Method_Type.java
C:\Users\shantanugandhe\Documents\MyWorkSpace\STABLEProjectv4_Latest\src\main\java\org\stable\sdk\model\device\bloodpressure\pulsepressure\PulsePressureDevice.java
C:\Users\shantanugandhe\Documents\MyWorkSpace\STABLEProjectv4_Latest\src\main\java\org\stable\sdk\model\measurement\labwork\cbc\monos\Monos_Method_Type.java
C:\Users\shantanugandhe\Documents\MyWorkSpace\STABLEProjectv4_Latest\src\main\java\org\stable\web\controller\TestDeviceContoller.java
C:\Users\shantanugandhe\Documents\MyWorkSpace\STABLEProjectv4_Latest\src\main\java\org\stable\sdk\model\test\CRP.java
C:\Users\shantanugandhe\Documents\MyWorkSpace\STABLEProjectv4_Latest\src\main\java\org\stable\sdk\model\device\airway\volumebolusamount\VolumeBolusAmountDevice.java
C:\Users\shantanugandhe\Documents\MyWorkSpace\STABLEProjectv4_Latest\src\main\java\org\stable\sdk\model\measurement\labwork\clotting\pt\ProthrombinTime_Method_Type.java
C:\Users\shantanugandhe\Documents\MyWorkSpace\STABLEProjectv4_Latest\src\main\java\org\stable\sdk\model\measurement\sugar\gestationalage\GestationalAge_Measurement.java
C:\Users\shantanugandhe\Documents\MyWorkSpace\STABLEProjectv4_Latest\src\main\java\com\me\pojo\Person.java
C:\Users\shantanugandhe\Documents\MyWorkSpace\STABLEProjectv4_Latest\src\main\java\org\stable\sdk\model\encounter\Treatment.java
C:\Users\shantanugandhe\Documents\MyWorkSpace\STABLEProjectv4_Latest\src\main\java\org\stable\sdk\model\measurement\vitalsigns\o2saturation\O2Saturation_Measurement.java
C:\Users\shantanugandhe\Documents\MyWorkSpace\STABLEProjectv4_Latest\src\main\java\org\stable\sdk\model\device\sugar\gestationalage\GestationalAgeDevice.java
C:\Users\shantanugandhe\Documents\MyWorkSpace\STABLEProjectv4_Latest\src\main\java\org\stable\sdk\model\device\labwork\electrolytes\Cl\ClDevice.java
C:\Users\shantanugandhe\Documents\MyWorkSpace\STABLEProjectv4_Latest\src\main\java\org\stable\sdk\model\device\sugar\treatment\ivat\IVAtDevice.java
C:\Users\shantanugandhe\Documents\MyWorkSpace\STABLEProjectv4_Latest\src\main\java\org\stable\sdk\model\measurement\vitalsigns\temperature\Temperature_MethodType.java
C:\Users\shantanugandhe\Documents\MyWorkSpace\STABLEProjectv4_Latest\src\main\java\org\stable\sdk\model\units\Pressure_Unit.java
C:\Users\shantanugandhe\Documents\MyWorkSpace\STABLEProjectv4_Latest\src\main\java\org\stable\sdk\model\device\sugar\treatment\dextrosehourlyinfusionrate\DextroseHourlyInfusionRateDevice.java
C:\Users\shantanugandhe\Documents\MyWorkSpace\STABLEProjectv4_Latest\src\main\java\org\stable\sdk\model\device\labwork\cbc\lymphs\LymphsDevice.java
C:\Users\shantanugandhe\Documents\MyWorkSpace\STABLEProjectv4_Latest\src\main\java\org\stable\sdk\model\measurement\labwork\clotting\fibrinogen\Fibrinogen_Method_Type.java
C:\Users\shantanugandhe\Documents\MyWorkSpace\STABLEProjectv4_Latest\src\main\java\org\stable\sdk\model\device\AbstractDevice.java
C:\Users\shantanugandhe\Documents\MyWorkSpace\STABLEProjectv4_Latest\src\main\java\org\stable\sdk\model\measurement\airway\volumebolusamount\VolumeBolousAmount_Measurement.java
C:\Users\shantanugandhe\Documents\MyWorkSpace\STABLEProjectv4_Latest\src\main\java\org\stable\sdk\model\units\InfusionRate_Unit_ml_kg_day.java
C:\Users\shantanugandhe\Documents\MyWorkSpace\STABLEProjectv4_Latest\src\main\java\org\stable\sdk\model\measurement\labwork\bloodgas\MetHb\MetHb_Measurement.java
C:\Users\shantanugandhe\Documents\MyWorkSpace\STABLEProjectv4_Latest\src\main\java\org\stable\sdk\service\useraccount\IUserAccountService.java
C:\Users\shantanugandhe\Documents\MyWorkSpace\STABLEProjectv4_Latest\src\main\java\org\stable\web\session\service\SessionService.java
C:\Users\shantanugandhe\Documents\MyWorkSpace\STABLEProjectv4_Latest\src\main\java\org\stable\sdk\model\device\airway\ppv\PPVDevice.java
C:\Users\shantanugandhe\Documents\MyWorkSpace\STABLEProjectv4_Latest\src\main\java\org\stable\sdk\model\measurement\TestMeasurement.java
C:\Users\shantanugandhe\Documents\MyWorkSpace\STABLEProjectv4_Latest\src\main\java\org\stable\web\session\exception\TimeoutException.java
C:\Users\shantanugandhe\Documents\MyWorkSpace\STABLEProjectv4_Latest\src\main\java\org\stable\web\controller\TestEncounter.java
C:\Users\shantanugandhe\Documents\MyWorkSpace\STABLEProjectv4_Latest\src\main\java\com\form\TestClass.java
C:\Users\shantanugandhe\Documents\MyWorkSpace\STABLEProjectv4_Latest\src\main\java\org\stable\sdk\service\encounter\EncounterService.java
C:\Users\shantanugandhe\Documents\MyWorkSpace\STABLEProjectv4_Latest\src\main\java\org\stable\sdk\model\device\vitalsigns\heartrate\HeartRateDevice.java
C:\Users\shantanugandhe\Documents\MyWorkSpace\STABLEProjectv4_Latest\src\main\java\org\stable\sdk\exception\MeasurementInvalidException.java
C:\Users\shantanugandhe\Documents\MyWorkSpace\STABLEProjectv4_Latest\src\main\java\org\stable\sdk\model\measurement\labwork\cbc\bands\Bands_Method_Type.java
C:\Users\shantanugandhe\Documents\MyWorkSpace\STABLEProjectv4_Latest\src\main\java\org\stable\sdk\model\clinic\CareTeam.java
C:\Users\shantanugandhe\Documents\MyWorkSpace\STABLEProjectv4_Latest\src\main\java\org\stable\sdk\model\measurement\labwork\electrolytes\totalcalcium\TotalCalcium_Method_Type.java
C:\Users\shantanugandhe\Documents\MyWorkSpace\STABLEProjectv4_Latest\src\main\java\org\stable\sdk\service\common\IStableService.java
C:\Users\shantanugandhe\Documents\MyWorkSpace\STABLEProjectv4_Latest\src\main\java\org\stable\sdk\model\device\sugar\glucoselevel\GlucoseLevelDevice.java
C:\Users\shantanugandhe\Documents\MyWorkSpace\STABLEProjectv4_Latest\src\main\java\org\stable\web\controller\TestMeasurement.java
C:\Users\shantanugandhe\Documents\MyWorkSpace\STABLEProjectv4_Latest\src\main\java\org\stable\sdk\model\measurement\vitalsigns\pco2\PCO2_Measurement.java
C:\Users\shantanugandhe\Documents\MyWorkSpace\STABLEProjectv4_Latest\src\main\java\org\stable\sdk\service\useraccount\UserAccountService.java
C:\Users\shantanugandhe\Documents\MyWorkSpace\STABLEProjectv4_Latest\src\main\java\com\me\pojo\Patient.java
C:\Users\shantanugandhe\Documents\MyWorkSpace\STABLEProjectv4_Latest\src\main\java\org\stable\sdk\model\measurement\labwork\electrolytes\K\K_Measurement.java
C:\Users\shantanugandhe\Documents\MyWorkSpace\STABLEProjectv4_Latest\src\main\java\org\stable\sdk\model\device\sugar\birthorder\BirthOrderDevice.java
C:\Users\shantanugandhe\Documents\MyWorkSpace\STABLEProjectv4_Latest\src\main\java\org\stable\sdk\model\measurement\vitalsigns\hco3\HCO3_Method_Type.java
C:\Users\shantanugandhe\Documents\MyWorkSpace\STABLEProjectv4_Latest\src\main\java\org\stable\sdk\model\measurement\vitalsigns\bloodgas\BloodGas_Measurement.java
C:\Users\shantanugandhe\Documents\MyWorkSpace\STABLEProjectv4_Latest\src\main\java\org\stable\sdk\model\measurement\sugar\treatment\bolusinfusionrate\BolusInfusionRate_Method_Type.java
C:\Users\shantanugandhe\Documents\MyWorkSpace\STABLEProjectv4_Latest\src\main\java\com\service\WebFlowServiceImple.java
C:\Users\shantanugandhe\Documents\MyWorkSpace\STABLEProjectv4_Latest\src\main\java\org\stable\sdk\model\device\vitalsigns\pHlevel\pHLevelDevice.java
C:\Users\shantanugandhe\Documents\MyWorkSpace\STABLEProjectv4_Latest\src\main\java\org\stable\sdk\model\device\airway\trachealincubation\TrachealIncubationDevice.java
C:\Users\shantanugandhe\Documents\MyWorkSpace\STABLEProjectv4_Latest\src\main\java\org\stable\sdk\model\device\airway\volumebolustype\VolumeBolusTypeDevice.java
C:\Users\shantanugandhe\Documents\MyWorkSpace\STABLEProjectv4_Latest\src\main\java\org\stable\sdk\model\measurement\sugar\glucoselevel\GlucoseLevel_Method_Type.java
C:\Users\shantanugandhe\Documents\MyWorkSpace\STABLEProjectv4_Latest\src\main\java\org\stable\web\session\SessionManager.java
C:\Users\shantanugandhe\Documents\MyWorkSpace\STABLEProjectv4_Latest\src\main\java\org\stable\sdk\model\measurement\bloodpressure\pulsepressure\PulsePressure_Measurement.java
C:\Users\shantanugandhe\Documents\MyWorkSpace\STABLEProjectv4_Latest\src\main\java\org\stable\sdk\model\measurement\sugar\treatment\ivtype\IVType_Method_Type.java
